<?xml version="1.0" encoding="UTF-8"?>
<!-- Generated by org.testng.reporters.JUnitXMLReporter -->
<testsuite ignored="0" hostname="DESKTOP-377NK29" failures="0" tests="8" name="Default test" time="40.605" errors="0" timestamp="05 Sep 2019 12:39:43 GMT">
  <testcase classname="AddClothesToCartTest" name="Add_Summer_Dress_To_Cart" time="4.906"/>
  <testcase classname="AddClothesToCartTest" name="Add_Casual_Dress_To_Cart" time="3.771"/>
  <testcase classname="AddClothesToCartTest" name="Add_Evening_Dress_To_Cart" time="3.958"/>
  <testcase classname="AddClothesToCartTest" name="deleteItemsFromCart" time="3.854"/>
  <testcase classname="AddClothesToCartTest" name="checkingCartProductsQtyAndPrice" time="2.298"/>
  <testcase classname="AddClothesToCartTest" name="continueToShoppingSummary" time="2.22"/>
  <testcase classname="AddClothesToCartTest" name="check_out_btn" time="2.452"/>
  <testcase classname="AddClothesToCartTest" name="signInRequest" time="0.036"/>
</testsuite> <!-- Default test -->
