<?xml version="1.0" encoding="UTF-8"?>
<testng-results ignored="0" total="8" passed="8" failed="0" skipped="0">
  <reporter-output>
  </reporter-output>
  <suite started-at="2019-09-05T12:39:02Z" name="Default suite" finished-at="2019-09-05T12:39:43Z" duration-ms="40605">
    <groups>
    </groups>
    <test started-at="2019-09-05T12:39:02Z" name="Default test" finished-at="2019-09-05T12:39:43Z" duration-ms="40605">
      <class name="AddClothesToCartTest">
        <test-method is-config="true" signature="launchApplication()[pri:0, instance:AddClothesToCartTest@add0edd]" started-at="2019-09-05T12:39:02Z" name="launchApplication" finished-at="2019-09-05T12:39:19Z" duration-ms="16499" status="PASS">
          <reporter-output>
          </reporter-output>
        </test-method> <!-- launchApplication -->
        <test-method signature="Add_Summer_Dress_To_Cart()[pri:1, instance:AddClothesToCartTest@add0edd]" started-at="2019-09-05T12:39:19Z" name="Add_Summer_Dress_To_Cart" finished-at="2019-09-05T12:39:24Z" duration-ms="4906" status="PASS">
          <reporter-output>
          </reporter-output>
        </test-method> <!-- Add_Summer_Dress_To_Cart -->
        <test-method signature="Add_Casual_Dress_To_Cart()[pri:2, instance:AddClothesToCartTest@add0edd]" started-at="2019-09-05T12:39:24Z" name="Add_Casual_Dress_To_Cart" finished-at="2019-09-05T12:39:27Z" duration-ms="3771" status="PASS">
          <reporter-output>
          </reporter-output>
        </test-method> <!-- Add_Casual_Dress_To_Cart -->
        <test-method signature="Add_Evening_Dress_To_Cart()[pri:3, instance:AddClothesToCartTest@add0edd]" started-at="2019-09-05T12:39:27Z" name="Add_Evening_Dress_To_Cart" finished-at="2019-09-05T12:39:31Z" duration-ms="3958" status="PASS">
          <reporter-output>
          </reporter-output>
        </test-method> <!-- Add_Evening_Dress_To_Cart -->
        <test-method signature="deleteItemsFromCart()[pri:4, instance:AddClothesToCartTest@add0edd]" started-at="2019-09-05T12:39:31Z" name="deleteItemsFromCart" finished-at="2019-09-05T12:39:35Z" duration-ms="3854" status="PASS">
          <reporter-output>
          </reporter-output>
        </test-method> <!-- deleteItemsFromCart -->
        <test-method signature="checkingCartProductsQtyAndPrice()[pri:5, instance:AddClothesToCartTest@add0edd]" started-at="2019-09-05T12:39:35Z" name="checkingCartProductsQtyAndPrice" finished-at="2019-09-05T12:39:37Z" duration-ms="2298" status="PASS">
          <reporter-output>
          </reporter-output>
        </test-method> <!-- checkingCartProductsQtyAndPrice -->
        <test-method signature="continueToShoppingSummary()[pri:6, instance:AddClothesToCartTest@add0edd]" started-at="2019-09-05T12:39:37Z" name="continueToShoppingSummary" finished-at="2019-09-05T12:39:40Z" duration-ms="2220" status="PASS">
          <reporter-output>
          </reporter-output>
        </test-method> <!-- continueToShoppingSummary -->
        <test-method signature="check_out_btn()[pri:7, instance:AddClothesToCartTest@add0edd]" started-at="2019-09-05T12:39:40Z" name="check_out_btn" finished-at="2019-09-05T12:39:42Z" duration-ms="2452" status="PASS">
          <reporter-output>
          </reporter-output>
        </test-method> <!-- check_out_btn -->
        <test-method signature="signInRequest()[pri:8, instance:AddClothesToCartTest@add0edd]" started-at="2019-09-05T12:39:42Z" name="signInRequest" finished-at="2019-09-05T12:39:42Z" duration-ms="36" status="PASS">
          <reporter-output>
          </reporter-output>
        </test-method> <!-- signInRequest -->
        <test-method is-config="true" signature="close_All()[pri:0, instance:AddClothesToCartTest@add0edd]" started-at="2019-09-05T12:39:42Z" name="close_All" finished-at="2019-09-05T12:39:43Z" duration-ms="582" status="PASS">
          <reporter-output>
          </reporter-output>
        </test-method> <!-- close_All -->
      </class> <!-- AddClothesToCartTest -->
    </test> <!-- Default test -->
  </suite> <!-- Default suite -->
</testng-results>
