<?xml version="1.0" encoding="UTF-8"?>
<!-- Generated by org.testng.reporters.JUnitXMLReporter -->
<testsuite ignored="0" hostname="DESKTOP-377NK29" failures="0" tests="7" name="Test1" time="30.493" errors="0" timestamp="28 Aug 2019 12:02:33 GMT">
  <testcase classname="LoginFormTest" name="allRequiredElementsAreDisplayed" time="2.279"/>
  <testcase classname="LoginFormTest" name="loginWithValidCredentials" time="3.906"/>
  <testcase classname="LoginFormTest" name="loginWith_Incorrect_Username" time="1.432"/>
  <testcase classname="LoginFormTest" name="loginWith_Incorrect_PassWord" time="1.313"/>
  <testcase classname="LoginFormTest" name="loginWith_Invalid_Email_Address" time="1.288"/>
  <testcase classname="LoginFormTest" name="loginWith_Blank_EmailAddress" time="1.446"/>
  <testcase classname="LoginFormTest" name="loginWith_Blank_Password" time="1.504"/>
</testsuite> <!-- Test1 -->
