<?xml version="1.0" encoding="UTF-8"?>
<!-- Generated by org.testng.reporters.JUnitXMLReporter -->
<testsuite ignored="0" hostname="DESKTOP-PJLCLMT" failures="0" tests="7" name="Test1" time="192.636" errors="0" timestamp="07 Sep 2019 14:42:31 GMT">
  <testcase classname="LoginFormTest" name="allRequiredElementsAreDisplayed" time="5.445"/>
  <testcase classname="LoginFormTest" name="loginWithValidCredentials" time="34.238"/>
  <testcase classname="LoginFormTest" name="loginWith_Incorrect_Username" time="5.123"/>
  <testcase classname="LoginFormTest" name="loginWith_Incorrect_PassWord" time="2.396"/>
  <testcase classname="LoginFormTest" name="loginWith_Invalid_Email_Address" time="5.055"/>
  <testcase classname="LoginFormTest" name="loginWith_Blank_EmailAddress" time="12.157"/>
  <testcase classname="LoginFormTest" name="loginWith_Blank_Password" time="2.133"/>
</testsuite> <!-- Test1 -->
